<?xml version="1.0" encoding="UTF-8"?>
<testng-results skipped="0" failed="0" ignored="0" total="1" passed="1">
  <reporter-output>
  </reporter-output>
  <suite name="Default suite" duration-ms="8702" started-at="2019-11-18T07:50:02Z" finished-at="2019-11-18T07:50:10Z">
    <groups>
    </groups>
    <test name="Default test" duration-ms="8702" started-at="2019-11-18T07:50:02Z" finished-at="2019-11-18T07:50:10Z">
      <class name="com.qa.newtours.tests.RegistrationPageTests">
        <test-method status="PASS" signature="setUp()[pri:0, instance:com.qa.newtours.tests.RegistrationPageTests@4667ae56]" name="setUp" is-config="true" duration-ms="5775" started-at="2019-11-18T07:50:02Z" finished-at="2019-11-18T07:50:07Z">
          <reporter-output>
          </reporter-output>
        </test-method> <!-- setUp -->
        <test-method status="PASS" signature="verifyUserRegistration()[pri:0, instance:com.qa.newtours.tests.RegistrationPageTests@4667ae56]" name="verifyUserRegistration" duration-ms="2715" started-at="2019-11-18T07:50:07Z" finished-at="2019-11-18T07:50:10Z">
          <reporter-output>
          </reporter-output>
        </test-method> <!-- verifyUserRegistration -->
        <test-method status="PASS" signature="tearDown()[pri:0, instance:com.qa.newtours.tests.RegistrationPageTests@4667ae56]" name="tearDown" is-config="true" duration-ms="181" started-at="2019-11-18T07:50:10Z" finished-at="2019-11-18T07:50:10Z">
          <reporter-output>
          </reporter-output>
        </test-method> <!-- tearDown -->
      </class> <!-- com.qa.newtours.tests.RegistrationPageTests -->
    </test> <!-- Default test -->
  </suite> <!-- Default suite -->
</testng-results>
